0 info it worked if it ends with ok
1 verbose cli [ 'F:\\node\\node.exe',
1 verbose cli   'F:\\node\\node_modules\\npm\\bin\\npm-cli.js',
1 verbose cli   'run',
1 verbose cli   'dev' ]
2 info using npm@3.10.9
3 info using node@v7.1.0
4 verbose run-script [ 'predev', 'dev', 'postdev' ]
5 info lifecycle color-board@0.0.0~predev: color-board@0.0.0
6 silly lifecycle color-board@0.0.0~predev: no script for predev, continuing
7 info lifecycle color-board@0.0.0~dev: color-board@0.0.0
8 verbose lifecycle color-board@0.0.0~dev: unsafe-perm in lifecycle true
9 verbose lifecycle color-board@0.0.0~dev: PATH: F:\node\node_modules\npm\bin\node-gyp-bin;F:\git\ColorBoard\node_modules\.bin;C:\ProgramData\Oracle\Java\javapath;C:\Program Files (x86)\Intel\iCLS Client\;C:\Program Files\Intel\iCLS Client\;C:\WINDOWS\system32;C:\WINDOWS;C:\WINDOWS\System32\Wbem;C:\WINDOWS\System32\WindowsPowerShell\v1.0\;C:\Users\lenovo\AppData\Local\Microsoft\WindowsApps;C:\Program Files\Lenovo\Fingerprint Manager Pro\;C:\Program Files (x86)\Common Files\Lenovo;C:\Program Files\Condusiv Technologies\ExpressCache\;C:\SWTOOLS\ReadyApps;C:\Program Files\Intel\Intel(R) Management Engine Components\DAL;C:\Program Files\Intel\Intel(R) Management Engine Components\IPT;C:\pikaapp\;F:\ffmpeg\bin;C:\mingw64\bin;C:\Program Files\Microsoft\Web Platform Installer\;F:\WinSCP\;C:\Program Files (x86)\GtkSharp\2.12\bin;C:\Program Files (x86)\Mono\bin;C:\Program Files\dotnet\;C:\Program Files (x86)\NVIDIA Corporation\PhysX\Common;F:\CMAKE\bin;F:\Qt\5.7\mingw53_32\bin\;C:\WINDOWS\system32;C:\WINDOWS;C:\WINDOWS\System32\Wbem;C:\WINDOWS\System32\WindowsPowerShell\v1.0\;F:\lua\latest\bin;F:\Gitcore\cmd;F:\node\;C:\Program Files\Intel\WiFi\bin\;C:\Program Files\Common Files\Intel\WirelessCommon\;;C:\Program Files (x86)\Microsoft VS Code\bin;C:\Users\lenovo\AppData\Local\Microsoft\WindowsApps;F:\Docker Toolbox;C:\Users\lenovo\AppData\Roaming\npm;C:\Program Files\Intel\WiFi\bin\;C:\Program Files\Common Files\Intel\WirelessCommon\
10 verbose lifecycle color-board@0.0.0~dev: CWD: F:\git\ColorBoard
11 silly lifecycle color-board@0.0.0~dev: Args: [ '/d /s /c',
11 silly lifecycle   'cross-env NODE_ENV=development webpack-dev-server --open --inline --hot' ]
12 silly lifecycle color-board@0.0.0~dev: Returned: code: 3221225786  signal: null
13 info lifecycle color-board@0.0.0~dev: Failed to exec dev script
14 verbose stack Error: color-board@0.0.0 dev: `cross-env NODE_ENV=development webpack-dev-server --open --inline --hot`
14 verbose stack Exit status 3221225786
14 verbose stack     at EventEmitter.<anonymous> (F:\node\node_modules\npm\lib\utils\lifecycle.js:255:16)
14 verbose stack     at emitTwo (events.js:106:13)
14 verbose stack     at EventEmitter.emit (events.js:191:7)
14 verbose stack     at ChildProcess.<anonymous> (F:\node\node_modules\npm\lib\utils\spawn.js:40:14)
14 verbose stack     at emitTwo (events.js:106:13)
14 verbose stack     at ChildProcess.emit (events.js:191:7)
14 verbose stack     at maybeClose (internal/child_process.js:885:16)
14 verbose stack     at Process.ChildProcess._handle.onexit (internal/child_process.js:226:5)
15 verbose pkgid color-board@0.0.0
16 verbose cwd F:\git\ColorBoard
17 error Windows_NT 10.0.14965
18 error argv "F:\\node\\node.exe" "F:\\node\\node_modules\\npm\\bin\\npm-cli.js" "run" "dev"
19 error node v7.1.0
20 error npm  v3.10.9
21 error code ELIFECYCLE
22 error color-board@0.0.0 dev: `cross-env NODE_ENV=development webpack-dev-server --open --inline --hot`
22 error Exit status 3221225786
23 error Failed at the color-board@0.0.0 dev script 'cross-env NODE_ENV=development webpack-dev-server --open --inline --hot'.
23 error Make sure you have the latest version of node.js and npm installed.
23 error If you do, this is most likely a problem with the color-board package,
23 error not with npm itself.
23 error Tell the author that this fails on your system:
23 error     cross-env NODE_ENV=development webpack-dev-server --open --inline --hot
23 error You can get information on how to open an issue for this project with:
23 error     npm bugs color-board
23 error Or if that isn't available, you can get their info via:
23 error     npm owner ls color-board
23 error There is likely additional logging output above.
24 verbose exit [ 1, true ]
